I, [2014-09-03T12:23:16.321680 #29401]  INFO -- : Started GET "/" for 127.0.0.1 at 2014-09-03 12:23:16 +0530
I, [2014-09-03T12:23:16.331128 #29401]  INFO -- : Processing by Devise::SessionsController#new as HTML
I, [2014-09-03T12:23:16.341993 #29401]  INFO -- : Completed 500 Internal Server Error in 11ms
F, [2014-09-03T12:23:16.344225 #29401] FATAL -- : 
ActiveRecord::StatementInvalid (Could not find table 'users'):
  activerecord (4.1.1) lib/active_record/connection_adapters/sqlite3_adapter.rb:512:in `table_structure'
  activerecord (4.1.1) lib/active_record/connection_adapters/sqlite3_adapter.rb:387:in `columns'
  activerecord (4.1.1) lib/active_record/connection_adapters/schema_cache.rb:93:in `block in prepare_default_proc'
  activerecord (4.1.1) lib/active_record/connection_adapters/schema_cache.rb:44:in `yield'
  activerecord (4.1.1) lib/active_record/connection_adapters/schema_cache.rb:44:in `columns'
  activerecord (4.1.1) lib/active_record/model_schema.rb:214:in `columns'
  activerecord (4.1.1) lib/active_record/model_schema.rb:223:in `columns_hash'
  activerecord (4.1.1) lib/active_record/inheritance.rb:180:in `subclass_from_attributes?'
  activerecord (4.1.1) lib/active_record/inheritance.rb:23:in `new'
  devise (3.2.4) app/controllers/devise/sessions_controller.rb:8:in `new'
  actionpack (4.1.1) lib/action_controller/metal/implicit_render.rb:4:in `send_action'
  actionpack (4.1.1) lib/abstract_controller/base.rb:189:in `process_action'
  actionpack (4.1.1) lib/action_controller/metal/rendering.rb:10:in `process_action'
  actionpack (4.1.1) lib/abstract_controller/callbacks.rb:20:in `block in process_action'
  activesupport (4.1.1) lib/active_support/callbacks.rb:113:in `call'
  activesupport (4.1.1) lib/active_support/callbacks.rb:113:in `call'
  activesupport (4.1.1) lib/active_support/callbacks.rb:149:in `block in halting_and_conditional'
  activesupport (4.1.1) lib/active_support/callbacks.rb:229:in `call'
  activesupport (4.1.1) lib/active_support/callbacks.rb:229:in `block in halting'
  activesupport (4.1.1) lib/active_support/callbacks.rb:166:in `call'
  activesupport (4.1.1) lib/active_support/callbacks.rb:166:in `block in halting'
  activesupport (4.1.1) lib/active_support/callbacks.rb:166:in `call'
  activesupport (4.1.1) lib/active_support/callbacks.rb:166:in `block in halting'
  activesupport (4.1.1) lib/active_support/callbacks.rb:166:in `call'
  activesupport (4.1.1) lib/active_support/callbacks.rb:166:in `block in halting'
  activesupport (4.1.1) lib/active_support/callbacks.rb:149:in `call'
  activesupport (4.1.1) lib/active_support/callbacks.rb:149:in `block in halting_and_conditional'
  activesupport (4.1.1) lib/active_support/callbacks.rb:149:in `call'
  activesupport (4.1.1) lib/active_support/callbacks.rb:149:in `block in halting_and_conditional'
  activesupport (4.1.1) lib/active_support/callbacks.rb:149:in `call'
  activesupport (4.1.1) lib/active_support/callbacks.rb:149:in `block in halting_and_conditional'
  activesupport (4.1.1) lib/active_support/callbacks.rb:86:in `call'
  activesupport (4.1.1) lib/active_support/callbacks.rb:86:in `run_callbacks'
  actionpack (4.1.1) lib/abstract_controller/callbacks.rb:19:in `process_action'
  actionpack (4.1.1) lib/action_controller/metal/rescue.rb:29:in `process_action'
  actionpack (4.1.1) lib/action_controller/metal/instrumentation.rb:31:in `block in process_action'
  activesupport (4.1.1) lib/active_support/notifications.rb:159:in `block in instrument'
  activesupport (4.1.1) lib/active_support/notifications/instrumenter.rb:20:in `instrument'
  activesupport (4.1.1) lib/active_support/notifications.rb:159:in `instrument'
  actionpack (4.1.1) lib/action_controller/metal/instrumentation.rb:30:in `process_action'
  actionpack (4.1.1) lib/action_controller/metal/params_wrapper.rb:250:in `process_action'
  activerecord (4.1.1) lib/active_record/railties/controller_runtime.rb:18:in `process_action'
  actionpack (4.1.1) lib/abstract_controller/base.rb:136:in `process'
  actionview (4.1.1) lib/action_view/rendering.rb:30:in `process'
  actionpack (4.1.1) lib/action_controller/metal.rb:195:in `dispatch'
  actionpack (4.1.1) lib/action_controller/metal/rack_delegation.rb:13:in `dispatch'
  actionpack (4.1.1) lib/action_controller/metal.rb:231:in `block in action'
  actionpack (4.1.1) lib/action_dispatch/routing/route_set.rb:80:in `call'
  actionpack (4.1.1) lib/action_dispatch/routing/route_set.rb:80:in `dispatch'
  actionpack (4.1.1) lib/action_dispatch/routing/route_set.rb:48:in `call'
  actionpack (4.1.1) lib/action_dispatch/routing/mapper.rb:45:in `call'
  actionpack (4.1.1) lib/action_dispatch/journey/router.rb:71:in `block in call'
  actionpack (4.1.1) lib/action_dispatch/journey/router.rb:59:in `each'
  actionpack (4.1.1) lib/action_dispatch/journey/router.rb:59:in `call'
  actionpack (4.1.1) lib/action_dispatch/routing/route_set.rb:676:in `call'
  warden (1.2.3) lib/warden/manager.rb:35:in `block in call'
  warden (1.2.3) lib/warden/manager.rb:34:in `catch'
  warden (1.2.3) lib/warden/manager.rb:34:in `call'
  rack (1.5.2) lib/rack/etag.rb:23:in `call'
  rack (1.5.2) lib/rack/conditionalget.rb:25:in `call'
  rack (1.5.2) lib/rack/head.rb:11:in `call'
  actionpack (4.1.1) lib/action_dispatch/middleware/params_parser.rb:27:in `call'
  actionpack (4.1.1) lib/action_dispatch/middleware/flash.rb:254:in `call'
  rack (1.5.2) lib/rack/session/abstract/id.rb:225:in `context'
  rack (1.5.2) lib/rack/session/abstract/id.rb:220:in `call'
  actionpack (4.1.1) lib/action_dispatch/middleware/cookies.rb:560:in `call'
  activerecord (4.1.1) lib/active_record/query_cache.rb:36:in `call'
  activerecord (4.1.1) lib/active_record/connection_adapters/abstract/connection_pool.rb:621:in `call'
  actionpack (4.1.1) lib/action_dispatch/middleware/callbacks.rb:29:in `block in call'
  activesupport (4.1.1) lib/active_support/callbacks.rb:82:in `run_callbacks'
  actionpack (4.1.1) lib/action_dispatch/middleware/callbacks.rb:27:in `call'
  actionpack (4.1.1) lib/action_dispatch/middleware/remote_ip.rb:76:in `call'
  actionpack (4.1.1) lib/action_dispatch/middleware/debug_exceptions.rb:17:in `call'
  actionpack (4.1.1) lib/action_dispatch/middleware/show_exceptions.rb:30:in `call'
  railties (4.1.1) lib/rails/rack/logger.rb:38:in `call_app'
  railties (4.1.1) lib/rails/rack/logger.rb:20:in `block in call'
  activesupport (4.1.1) lib/active_support/tagged_logging.rb:68:in `block in tagged'
  activesupport (4.1.1) lib/active_support/tagged_logging.rb:26:in `tagged'
  activesupport (4.1.1) lib/active_support/tagged_logging.rb:68:in `tagged'
  railties (4.1.1) lib/rails/rack/logger.rb:20:in `call'
  actionpack (4.1.1) lib/action_dispatch/middleware/request_id.rb:21:in `call'
  rack (1.5.2) lib/rack/methodoverride.rb:21:in `call'
  rack (1.5.2) lib/rack/runtime.rb:17:in `call'
  activesupport (4.1.1) lib/active_support/cache/strategy/local_cache_middleware.rb:26:in `call'
  rack (1.5.2) lib/rack/sendfile.rb:112:in `call'
  railties (4.1.1) lib/rails/engine.rb:514:in `call'
  railties (4.1.1) lib/rails/application.rb:144:in `call'
  puma (2.9.0) lib/puma/rack_patch.rb:13:in `call'
  puma (2.9.0) lib/puma/configuration.rb:71:in `call'
  puma (2.9.0) lib/puma/server.rb:490:in `handle_request'
  puma (2.9.0) lib/puma/server.rb:361:in `process_client'
  puma (2.9.0) lib/puma/server.rb:254:in `block in run'
  puma (2.9.0) lib/puma/thread_pool.rb:92:in `call'
  puma (2.9.0) lib/puma/thread_pool.rb:92:in `block in spawn_thread'


I, [2014-09-03T12:23:26.477945 #29401]  INFO -- : Started GET "/beacon" for 127.0.0.1 at 2014-09-03 12:23:26 +0530
F, [2014-09-03T12:23:26.478771 #29401] FATAL -- : 
ActionController::RoutingError (No route matches [GET] "/beacon"):
  actionpack (4.1.1) lib/action_dispatch/middleware/debug_exceptions.rb:21:in `call'
  actionpack (4.1.1) lib/action_dispatch/middleware/show_exceptions.rb:30:in `call'
  railties (4.1.1) lib/rails/rack/logger.rb:38:in `call_app'
  railties (4.1.1) lib/rails/rack/logger.rb:20:in `block in call'
  activesupport (4.1.1) lib/active_support/tagged_logging.rb:68:in `block in tagged'
  activesupport (4.1.1) lib/active_support/tagged_logging.rb:26:in `tagged'
  activesupport (4.1.1) lib/active_support/tagged_logging.rb:68:in `tagged'
  railties (4.1.1) lib/rails/rack/logger.rb:20:in `call'
  actionpack (4.1.1) lib/action_dispatch/middleware/request_id.rb:21:in `call'
  rack (1.5.2) lib/rack/methodoverride.rb:21:in `call'
  rack (1.5.2) lib/rack/runtime.rb:17:in `call'
  activesupport (4.1.1) lib/active_support/cache/strategy/local_cache_middleware.rb:26:in `call'
  rack (1.5.2) lib/rack/sendfile.rb:112:in `call'
  railties (4.1.1) lib/rails/engine.rb:514:in `call'
  railties (4.1.1) lib/rails/application.rb:144:in `call'
  puma (2.9.0) lib/puma/rack_patch.rb:13:in `call'
  puma (2.9.0) lib/puma/configuration.rb:71:in `call'
  puma (2.9.0) lib/puma/server.rb:490:in `handle_request'
  puma (2.9.0) lib/puma/server.rb:361:in `process_client'
  puma (2.9.0) lib/puma/server.rb:254:in `block in run'
  puma (2.9.0) lib/puma/thread_pool.rb:92:in `call'
  puma (2.9.0) lib/puma/thread_pool.rb:92:in `block in spawn_thread'


I, [2014-09-03T12:23:39.921225 #29401]  INFO -- : Started GET "/beacon" for 127.0.0.1 at 2014-09-03 12:23:39 +0530
F, [2014-09-03T12:23:39.921979 #29401] FATAL -- : 
ActionController::RoutingError (No route matches [GET] "/beacon"):
  actionpack (4.1.1) lib/action_dispatch/middleware/debug_exceptions.rb:21:in `call'
  actionpack (4.1.1) lib/action_dispatch/middleware/show_exceptions.rb:30:in `call'
  railties (4.1.1) lib/rails/rack/logger.rb:38:in `call_app'
  railties (4.1.1) lib/rails/rack/logger.rb:20:in `block in call'
  activesupport (4.1.1) lib/active_support/tagged_logging.rb:68:in `block in tagged'
  activesupport (4.1.1) lib/active_support/tagged_logging.rb:26:in `tagged'
  activesupport (4.1.1) lib/active_support/tagged_logging.rb:68:in `tagged'
  railties (4.1.1) lib/rails/rack/logger.rb:20:in `call'
  actionpack (4.1.1) lib/action_dispatch/middleware/request_id.rb:21:in `call'
  rack (1.5.2) lib/rack/methodoverride.rb:21:in `call'
  rack (1.5.2) lib/rack/runtime.rb:17:in `call'
  activesupport (4.1.1) lib/active_support/cache/strategy/local_cache_middleware.rb:26:in `call'
  rack (1.5.2) lib/rack/sendfile.rb:112:in `call'
  railties (4.1.1) lib/rails/engine.rb:514:in `call'
  railties (4.1.1) lib/rails/application.rb:144:in `call'
  puma (2.9.0) lib/puma/rack_patch.rb:13:in `call'
  puma (2.9.0) lib/puma/configuration.rb:71:in `call'
  puma (2.9.0) lib/puma/server.rb:490:in `handle_request'
  puma (2.9.0) lib/puma/server.rb:361:in `process_client'
  puma (2.9.0) lib/puma/server.rb:254:in `block in run'
  puma (2.9.0) lib/puma/thread_pool.rb:92:in `call'
  puma (2.9.0) lib/puma/thread_pool.rb:92:in `block in spawn_thread'


I, [2014-09-03T12:24:06.870047 #29401]  INFO -- : Started GET "/beacon" for 127.0.0.1 at 2014-09-03 12:24:06 +0530
F, [2014-09-03T12:24:06.870894 #29401] FATAL -- : 
ActionController::RoutingError (No route matches [GET] "/beacon"):
  actionpack (4.1.1) lib/action_dispatch/middleware/debug_exceptions.rb:21:in `call'
  actionpack (4.1.1) lib/action_dispatch/middleware/show_exceptions.rb:30:in `call'
  railties (4.1.1) lib/rails/rack/logger.rb:38:in `call_app'
  railties (4.1.1) lib/rails/rack/logger.rb:20:in `block in call'
  activesupport (4.1.1) lib/active_support/tagged_logging.rb:68:in `block in tagged'
  activesupport (4.1.1) lib/active_support/tagged_logging.rb:26:in `tagged'
  activesupport (4.1.1) lib/active_support/tagged_logging.rb:68:in `tagged'
  railties (4.1.1) lib/rails/rack/logger.rb:20:in `call'
  actionpack (4.1.1) lib/action_dispatch/middleware/request_id.rb:21:in `call'
  rack (1.5.2) lib/rack/methodoverride.rb:21:in `call'
  rack (1.5.2) lib/rack/runtime.rb:17:in `call'
  activesupport (4.1.1) lib/active_support/cache/strategy/local_cache_middleware.rb:26:in `call'
  rack (1.5.2) lib/rack/sendfile.rb:112:in `call'
  railties (4.1.1) lib/rails/engine.rb:514:in `call'
  railties (4.1.1) lib/rails/application.rb:144:in `call'
  puma (2.9.0) lib/puma/rack_patch.rb:13:in `call'
  puma (2.9.0) lib/puma/configuration.rb:71:in `call'
  puma (2.9.0) lib/puma/server.rb:490:in `handle_request'
  puma (2.9.0) lib/puma/server.rb:361:in `process_client'
  puma (2.9.0) lib/puma/server.rb:254:in `block in run'
  puma (2.9.0) lib/puma/thread_pool.rb:92:in `call'
  puma (2.9.0) lib/puma/thread_pool.rb:92:in `block in spawn_thread'


I, [2014-09-03T12:24:15.165530 #29401]  INFO -- : Started GET "/" for 127.0.0.1 at 2014-09-03 12:24:15 +0530
I, [2014-09-03T12:24:15.166353 #29401]  INFO -- : Processing by Devise::SessionsController#new as HTML
I, [2014-09-03T12:24:15.167112 #29401]  INFO -- : Completed 500 Internal Server Error in 1ms
F, [2014-09-03T12:24:15.168901 #29401] FATAL -- : 
ActiveRecord::StatementInvalid (Could not find table 'users'):
  activerecord (4.1.1) lib/active_record/connection_adapters/sqlite3_adapter.rb:512:in `table_structure'
  activerecord (4.1.1) lib/active_record/connection_adapters/sqlite3_adapter.rb:387:in `columns'
  activerecord (4.1.1) lib/active_record/connection_adapters/schema_cache.rb:93:in `block in prepare_default_proc'
  activerecord (4.1.1) lib/active_record/connection_adapters/schema_cache.rb:44:in `yield'
  activerecord (4.1.1) lib/active_record/connection_adapters/schema_cache.rb:44:in `columns'
  activerecord (4.1.1) lib/active_record/model_schema.rb:214:in `columns'
  activerecord (4.1.1) lib/active_record/model_schema.rb:223:in `columns_hash'
  activerecord (4.1.1) lib/active_record/inheritance.rb:180:in `subclass_from_attributes?'
  activerecord (4.1.1) lib/active_record/inheritance.rb:23:in `new'
  devise (3.2.4) app/controllers/devise/sessions_controller.rb:8:in `new'
  actionpack (4.1.1) lib/action_controller/metal/implicit_render.rb:4:in `send_action'
  actionpack (4.1.1) lib/abstract_controller/base.rb:189:in `process_action'
  actionpack (4.1.1) lib/action_controller/metal/rendering.rb:10:in `process_action'
  actionpack (4.1.1) lib/abstract_controller/callbacks.rb:20:in `block in process_action'
  activesupport (4.1.1) lib/active_support/callbacks.rb:113:in `call'
  activesupport (4.1.1) lib/active_support/callbacks.rb:113:in `call'
  activesupport (4.1.1) lib/active_support/callbacks.rb:149:in `block in halting_and_conditional'
  activesupport (4.1.1) lib/active_support/callbacks.rb:229:in `call'
  activesupport (4.1.1) lib/active_support/callbacks.rb:229:in `block in halting'
  activesupport (4.1.1) lib/active_support/callbacks.rb:166:in `call'
  activesupport (4.1.1) lib/active_support/callbacks.rb:166:in `block in halting'
  activesupport (4.1.1) lib/active_support/callbacks.rb:166:in `call'
  activesupport (4.1.1) lib/active_support/callbacks.rb:166:in `block in halting'
  activesupport (4.1.1) lib/active_support/callbacks.rb:166:in `call'
  activesupport (4.1.1) lib/active_support/callbacks.rb:166:in `block in halting'
  activesupport (4.1.1) lib/active_support/callbacks.rb:149:in `call'
  activesupport (4.1.1) lib/active_support/callbacks.rb:149:in `block in halting_and_conditional'
  activesupport (4.1.1) lib/active_support/callbacks.rb:149:in `call'
  activesupport (4.1.1) lib/active_support/callbacks.rb:149:in `block in halting_and_conditional'
  activesupport (4.1.1) lib/active_support/callbacks.rb:149:in `call'
  activesupport (4.1.1) lib/active_support/callbacks.rb:149:in `block in halting_and_conditional'
  activesupport (4.1.1) lib/active_support/callbacks.rb:86:in `call'
  activesupport (4.1.1) lib/active_support/callbacks.rb:86:in `run_callbacks'
  actionpack (4.1.1) lib/abstract_controller/callbacks.rb:19:in `process_action'
  actionpack (4.1.1) lib/action_controller/metal/rescue.rb:29:in `process_action'
  actionpack (4.1.1) lib/action_controller/metal/instrumentation.rb:31:in `block in process_action'
  activesupport (4.1.1) lib/active_support/notifications.rb:159:in `block in instrument'
  activesupport (4.1.1) lib/active_support/notifications/instrumenter.rb:20:in `instrument'
  activesupport (4.1.1) lib/active_support/notifications.rb:159:in `instrument'
  actionpack (4.1.1) lib/action_controller/metal/instrumentation.rb:30:in `process_action'
  actionpack (4.1.1) lib/action_controller/metal/params_wrapper.rb:250:in `process_action'
  activerecord (4.1.1) lib/active_record/railties/controller_runtime.rb:18:in `process_action'
  actionpack (4.1.1) lib/abstract_controller/base.rb:136:in `process'
  actionview (4.1.1) lib/action_view/rendering.rb:30:in `process'
  actionpack (4.1.1) lib/action_controller/metal.rb:195:in `dispatch'
  actionpack (4.1.1) lib/action_controller/metal/rack_delegation.rb:13:in `dispatch'
  actionpack (4.1.1) lib/action_controller/metal.rb:231:in `block in action'
  actionpack (4.1.1) lib/action_dispatch/routing/route_set.rb:80:in `call'
  actionpack (4.1.1) lib/action_dispatch/routing/route_set.rb:80:in `dispatch'
  actionpack (4.1.1) lib/action_dispatch/routing/route_set.rb:48:in `call'
  actionpack (4.1.1) lib/action_dispatch/routing/mapper.rb:45:in `call'
  actionpack (4.1.1) lib/action_dispatch/journey/router.rb:71:in `block in call'
  actionpack (4.1.1) lib/action_dispatch/journey/router.rb:59:in `each'
  actionpack (4.1.1) lib/action_dispatch/journey/router.rb:59:in `call'
  actionpack (4.1.1) lib/action_dispatch/routing/route_set.rb:676:in `call'
  warden (1.2.3) lib/warden/manager.rb:35:in `block in call'
  warden (1.2.3) lib/warden/manager.rb:34:in `catch'
  warden (1.2.3) lib/warden/manager.rb:34:in `call'
  rack (1.5.2) lib/rack/etag.rb:23:in `call'
  rack (1.5.2) lib/rack/conditionalget.rb:25:in `call'
  rack (1.5.2) lib/rack/head.rb:11:in `call'
  actionpack (4.1.1) lib/action_dispatch/middleware/params_parser.rb:27:in `call'
  actionpack (4.1.1) lib/action_dispatch/middleware/flash.rb:254:in `call'
  rack (1.5.2) lib/rack/session/abstract/id.rb:225:in `context'
  rack (1.5.2) lib/rack/session/abstract/id.rb:220:in `call'
  actionpack (4.1.1) lib/action_dispatch/middleware/cookies.rb:560:in `call'
  activerecord (4.1.1) lib/active_record/query_cache.rb:36:in `call'
  activerecord (4.1.1) lib/active_record/connection_adapters/abstract/connection_pool.rb:621:in `call'
  actionpack (4.1.1) lib/action_dispatch/middleware/callbacks.rb:29:in `block in call'
  activesupport (4.1.1) lib/active_support/callbacks.rb:82:in `run_callbacks'
  actionpack (4.1.1) lib/action_dispatch/middleware/callbacks.rb:27:in `call'
  actionpack (4.1.1) lib/action_dispatch/middleware/remote_ip.rb:76:in `call'
  actionpack (4.1.1) lib/action_dispatch/middleware/debug_exceptions.rb:17:in `call'
  actionpack (4.1.1) lib/action_dispatch/middleware/show_exceptions.rb:30:in `call'
  railties (4.1.1) lib/rails/rack/logger.rb:38:in `call_app'
  railties (4.1.1) lib/rails/rack/logger.rb:20:in `block in call'
  activesupport (4.1.1) lib/active_support/tagged_logging.rb:68:in `block in tagged'
  activesupport (4.1.1) lib/active_support/tagged_logging.rb:26:in `tagged'
  activesupport (4.1.1) lib/active_support/tagged_logging.rb:68:in `tagged'
  railties (4.1.1) lib/rails/rack/logger.rb:20:in `call'
  actionpack (4.1.1) lib/action_dispatch/middleware/request_id.rb:21:in `call'
  rack (1.5.2) lib/rack/methodoverride.rb:21:in `call'
  rack (1.5.2) lib/rack/runtime.rb:17:in `call'
  activesupport (4.1.1) lib/active_support/cache/strategy/local_cache_middleware.rb:26:in `call'
  rack (1.5.2) lib/rack/sendfile.rb:112:in `call'
  railties (4.1.1) lib/rails/engine.rb:514:in `call'
  railties (4.1.1) lib/rails/application.rb:144:in `call'
  puma (2.9.0) lib/puma/rack_patch.rb:13:in `call'
  puma (2.9.0) lib/puma/configuration.rb:71:in `call'
  puma (2.9.0) lib/puma/server.rb:490:in `handle_request'
  puma (2.9.0) lib/puma/server.rb:361:in `process_client'
  puma (2.9.0) lib/puma/server.rb:254:in `block in run'
  puma (2.9.0) lib/puma/thread_pool.rb:92:in `call'
  puma (2.9.0) lib/puma/thread_pool.rb:92:in `block in spawn_thread'


I, [2014-09-03T12:27:24.428963 #30081]  INFO -- : Started GET "/" for 127.0.0.1 at 2014-09-03 12:27:24 +0530
I, [2014-09-03T12:27:24.438463 #30081]  INFO -- : Processing by Devise::SessionsController#new as HTML
I, [2014-09-03T12:27:24.448702 #30081]  INFO -- : Completed 500 Internal Server Error in 10ms
F, [2014-09-03T12:27:24.450470 #30081] FATAL -- : 
ActiveRecord::StatementInvalid (Could not find table 'users'):
  activerecord (4.1.1) lib/active_record/connection_adapters/sqlite3_adapter.rb:512:in `table_structure'
  activerecord (4.1.1) lib/active_record/connection_adapters/sqlite3_adapter.rb:387:in `columns'
  activerecord (4.1.1) lib/active_record/connection_adapters/schema_cache.rb:93:in `block in prepare_default_proc'
  activerecord (4.1.1) lib/active_record/connection_adapters/schema_cache.rb:44:in `yield'
  activerecord (4.1.1) lib/active_record/connection_adapters/schema_cache.rb:44:in `columns'
  activerecord (4.1.1) lib/active_record/model_schema.rb:214:in `columns'
  activerecord (4.1.1) lib/active_record/model_schema.rb:223:in `columns_hash'
  activerecord (4.1.1) lib/active_record/inheritance.rb:180:in `subclass_from_attributes?'
  activerecord (4.1.1) lib/active_record/inheritance.rb:23:in `new'
  devise (3.2.4) app/controllers/devise/sessions_controller.rb:8:in `new'
  actionpack (4.1.1) lib/action_controller/metal/implicit_render.rb:4:in `send_action'
  actionpack (4.1.1) lib/abstract_controller/base.rb:189:in `process_action'
  actionpack (4.1.1) lib/action_controller/metal/rendering.rb:10:in `process_action'
  actionpack (4.1.1) lib/abstract_controller/callbacks.rb:20:in `block in process_action'
  activesupport (4.1.1) lib/active_support/callbacks.rb:113:in `call'
  activesupport (4.1.1) lib/active_support/callbacks.rb:113:in `call'
  activesupport (4.1.1) lib/active_support/callbacks.rb:149:in `block in halting_and_conditional'
  activesupport (4.1.1) lib/active_support/callbacks.rb:229:in `call'
  activesupport (4.1.1) lib/active_support/callbacks.rb:229:in `block in halting'
  activesupport (4.1.1) lib/active_support/callbacks.rb:166:in `call'
  activesupport (4.1.1) lib/active_support/callbacks.rb:166:in `block in halting'
  activesupport (4.1.1) lib/active_support/callbacks.rb:166:in `call'
  activesupport (4.1.1) lib/active_support/callbacks.rb:166:in `block in halting'
  activesupport (4.1.1) lib/active_support/callbacks.rb:166:in `call'
  activesupport (4.1.1) lib/active_support/callbacks.rb:166:in `block in halting'
  activesupport (4.1.1) lib/active_support/callbacks.rb:149:in `call'
  activesupport (4.1.1) lib/active_support/callbacks.rb:149:in `block in halting_and_conditional'
  activesupport (4.1.1) lib/active_support/callbacks.rb:149:in `call'
  activesupport (4.1.1) lib/active_support/callbacks.rb:149:in `block in halting_and_conditional'
  activesupport (4.1.1) lib/active_support/callbacks.rb:149:in `call'
  activesupport (4.1.1) lib/active_support/callbacks.rb:149:in `block in halting_and_conditional'
  activesupport (4.1.1) lib/active_support/callbacks.rb:86:in `call'
  activesupport (4.1.1) lib/active_support/callbacks.rb:86:in `run_callbacks'
  actionpack (4.1.1) lib/abstract_controller/callbacks.rb:19:in `process_action'
  actionpack (4.1.1) lib/action_controller/metal/rescue.rb:29:in `process_action'
  actionpack (4.1.1) lib/action_controller/metal/instrumentation.rb:31:in `block in process_action'
  activesupport (4.1.1) lib/active_support/notifications.rb:159:in `block in instrument'
  activesupport (4.1.1) lib/active_support/notifications/instrumenter.rb:20:in `instrument'
  activesupport (4.1.1) lib/active_support/notifications.rb:159:in `instrument'
  actionpack (4.1.1) lib/action_controller/metal/instrumentation.rb:30:in `process_action'
  actionpack (4.1.1) lib/action_controller/metal/params_wrapper.rb:250:in `process_action'
  activerecord (4.1.1) lib/active_record/railties/controller_runtime.rb:18:in `process_action'
  actionpack (4.1.1) lib/abstract_controller/base.rb:136:in `process'
  actionview (4.1.1) lib/action_view/rendering.rb:30:in `process'
  actionpack (4.1.1) lib/action_controller/metal.rb:195:in `dispatch'
  actionpack (4.1.1) lib/action_controller/metal/rack_delegation.rb:13:in `dispatch'
  actionpack (4.1.1) lib/action_controller/metal.rb:231:in `block in action'
  actionpack (4.1.1) lib/action_dispatch/routing/route_set.rb:80:in `call'
  actionpack (4.1.1) lib/action_dispatch/routing/route_set.rb:80:in `dispatch'
  actionpack (4.1.1) lib/action_dispatch/routing/route_set.rb:48:in `call'
  actionpack (4.1.1) lib/action_dispatch/routing/mapper.rb:45:in `call'
  actionpack (4.1.1) lib/action_dispatch/journey/router.rb:71:in `block in call'
  actionpack (4.1.1) lib/action_dispatch/journey/router.rb:59:in `each'
  actionpack (4.1.1) lib/action_dispatch/journey/router.rb:59:in `call'
  actionpack (4.1.1) lib/action_dispatch/routing/route_set.rb:676:in `call'
  warden (1.2.3) lib/warden/manager.rb:35:in `block in call'
  warden (1.2.3) lib/warden/manager.rb:34:in `catch'
  warden (1.2.3) lib/warden/manager.rb:34:in `call'
  rack (1.5.2) lib/rack/etag.rb:23:in `call'
  rack (1.5.2) lib/rack/conditionalget.rb:25:in `call'
  rack (1.5.2) lib/rack/head.rb:11:in `call'
  actionpack (4.1.1) lib/action_dispatch/middleware/params_parser.rb:27:in `call'
  actionpack (4.1.1) lib/action_dispatch/middleware/flash.rb:254:in `call'
  rack (1.5.2) lib/rack/session/abstract/id.rb:225:in `context'
  rack (1.5.2) lib/rack/session/abstract/id.rb:220:in `call'
  actionpack (4.1.1) lib/action_dispatch/middleware/cookies.rb:560:in `call'
  activerecord (4.1.1) lib/active_record/query_cache.rb:36:in `call'
  activerecord (4.1.1) lib/active_record/connection_adapters/abstract/connection_pool.rb:621:in `call'
  actionpack (4.1.1) lib/action_dispatch/middleware/callbacks.rb:29:in `block in call'
  activesupport (4.1.1) lib/active_support/callbacks.rb:82:in `run_callbacks'
  actionpack (4.1.1) lib/action_dispatch/middleware/callbacks.rb:27:in `call'
  actionpack (4.1.1) lib/action_dispatch/middleware/remote_ip.rb:76:in `call'
  actionpack (4.1.1) lib/action_dispatch/middleware/debug_exceptions.rb:17:in `call'
  actionpack (4.1.1) lib/action_dispatch/middleware/show_exceptions.rb:30:in `call'
  railties (4.1.1) lib/rails/rack/logger.rb:38:in `call_app'
  railties (4.1.1) lib/rails/rack/logger.rb:20:in `block in call'
  activesupport (4.1.1) lib/active_support/tagged_logging.rb:68:in `block in tagged'
  activesupport (4.1.1) lib/active_support/tagged_logging.rb:26:in `tagged'
  activesupport (4.1.1) lib/active_support/tagged_logging.rb:68:in `tagged'
  railties (4.1.1) lib/rails/rack/logger.rb:20:in `call'
  actionpack (4.1.1) lib/action_dispatch/middleware/request_id.rb:21:in `call'
  rack (1.5.2) lib/rack/methodoverride.rb:21:in `call'
  rack (1.5.2) lib/rack/runtime.rb:17:in `call'
  activesupport (4.1.1) lib/active_support/cache/strategy/local_cache_middleware.rb:26:in `call'
  rack (1.5.2) lib/rack/sendfile.rb:112:in `call'
  railties (4.1.1) lib/rails/engine.rb:514:in `call'
  railties (4.1.1) lib/rails/application.rb:144:in `call'
  puma (2.9.0) lib/puma/rack_patch.rb:13:in `call'
  puma (2.9.0) lib/puma/configuration.rb:71:in `call'
  puma (2.9.0) lib/puma/server.rb:490:in `handle_request'
  puma (2.9.0) lib/puma/server.rb:361:in `process_client'
  puma (2.9.0) lib/puma/server.rb:254:in `block in run'
  puma (2.9.0) lib/puma/thread_pool.rb:92:in `call'
  puma (2.9.0) lib/puma/thread_pool.rb:92:in `block in spawn_thread'


I, [2014-09-03T12:27:33.179536 #30081]  INFO -- : Started GET "/" for 127.0.0.1 at 2014-09-03 12:27:33 +0530
I, [2014-09-03T12:27:33.180357 #30081]  INFO -- : Processing by Devise::SessionsController#new as HTML
I, [2014-09-03T12:27:33.181194 #30081]  INFO -- : Completed 500 Internal Server Error in 1ms
F, [2014-09-03T12:27:33.183291 #30081] FATAL -- : 
ActiveRecord::StatementInvalid (Could not find table 'users'):
  activerecord (4.1.1) lib/active_record/connection_adapters/sqlite3_adapter.rb:512:in `table_structure'
  activerecord (4.1.1) lib/active_record/connection_adapters/sqlite3_adapter.rb:387:in `columns'
  activerecord (4.1.1) lib/active_record/connection_adapters/schema_cache.rb:93:in `block in prepare_default_proc'
  activerecord (4.1.1) lib/active_record/connection_adapters/schema_cache.rb:44:in `yield'
  activerecord (4.1.1) lib/active_record/connection_adapters/schema_cache.rb:44:in `columns'
  activerecord (4.1.1) lib/active_record/model_schema.rb:214:in `columns'
  activerecord (4.1.1) lib/active_record/model_schema.rb:223:in `columns_hash'
  activerecord (4.1.1) lib/active_record/inheritance.rb:180:in `subclass_from_attributes?'
  activerecord (4.1.1) lib/active_record/inheritance.rb:23:in `new'
  devise (3.2.4) app/controllers/devise/sessions_controller.rb:8:in `new'
  actionpack (4.1.1) lib/action_controller/metal/implicit_render.rb:4:in `send_action'
  actionpack (4.1.1) lib/abstract_controller/base.rb:189:in `process_action'
  actionpack (4.1.1) lib/action_controller/metal/rendering.rb:10:in `process_action'
  actionpack (4.1.1) lib/abstract_controller/callbacks.rb:20:in `block in process_action'
  activesupport (4.1.1) lib/active_support/callbacks.rb:113:in `call'
  activesupport (4.1.1) lib/active_support/callbacks.rb:113:in `call'
  activesupport (4.1.1) lib/active_support/callbacks.rb:149:in `block in halting_and_conditional'
  activesupport (4.1.1) lib/active_support/callbacks.rb:229:in `call'
  activesupport (4.1.1) lib/active_support/callbacks.rb:229:in `block in halting'
  activesupport (4.1.1) lib/active_support/callbacks.rb:166:in `call'
  activesupport (4.1.1) lib/active_support/callbacks.rb:166:in `block in halting'
  activesupport (4.1.1) lib/active_support/callbacks.rb:166:in `call'
  activesupport (4.1.1) lib/active_support/callbacks.rb:166:in `block in halting'
  activesupport (4.1.1) lib/active_support/callbacks.rb:166:in `call'
  activesupport (4.1.1) lib/active_support/callbacks.rb:166:in `block in halting'
  activesupport (4.1.1) lib/active_support/callbacks.rb:149:in `call'
  activesupport (4.1.1) lib/active_support/callbacks.rb:149:in `block in halting_and_conditional'
  activesupport (4.1.1) lib/active_support/callbacks.rb:149:in `call'
  activesupport (4.1.1) lib/active_support/callbacks.rb:149:in `block in halting_and_conditional'
  activesupport (4.1.1) lib/active_support/callbacks.rb:149:in `call'
  activesupport (4.1.1) lib/active_support/callbacks.rb:149:in `block in halting_and_conditional'
  activesupport (4.1.1) lib/active_support/callbacks.rb:86:in `call'
  activesupport (4.1.1) lib/active_support/callbacks.rb:86:in `run_callbacks'
  actionpack (4.1.1) lib/abstract_controller/callbacks.rb:19:in `process_action'
  actionpack (4.1.1) lib/action_controller/metal/rescue.rb:29:in `process_action'
  actionpack (4.1.1) lib/action_controller/metal/instrumentation.rb:31:in `block in process_action'
  activesupport (4.1.1) lib/active_support/notifications.rb:159:in `block in instrument'
  activesupport (4.1.1) lib/active_support/notifications/instrumenter.rb:20:in `instrument'
  activesupport (4.1.1) lib/active_support/notifications.rb:159:in `instrument'
  actionpack (4.1.1) lib/action_controller/metal/instrumentation.rb:30:in `process_action'
  actionpack (4.1.1) lib/action_controller/metal/params_wrapper.rb:250:in `process_action'
  activerecord (4.1.1) lib/active_record/railties/controller_runtime.rb:18:in `process_action'
  actionpack (4.1.1) lib/abstract_controller/base.rb:136:in `process'
  actionview (4.1.1) lib/action_view/rendering.rb:30:in `process'
  actionpack (4.1.1) lib/action_controller/metal.rb:195:in `dispatch'
  actionpack (4.1.1) lib/action_controller/metal/rack_delegation.rb:13:in `dispatch'
  actionpack (4.1.1) lib/action_controller/metal.rb:231:in `block in action'
  actionpack (4.1.1) lib/action_dispatch/routing/route_set.rb:80:in `call'
  actionpack (4.1.1) lib/action_dispatch/routing/route_set.rb:80:in `dispatch'
  actionpack (4.1.1) lib/action_dispatch/routing/route_set.rb:48:in `call'
  actionpack (4.1.1) lib/action_dispatch/routing/mapper.rb:45:in `call'
  actionpack (4.1.1) lib/action_dispatch/journey/router.rb:71:in `block in call'
  actionpack (4.1.1) lib/action_dispatch/journey/router.rb:59:in `each'
  actionpack (4.1.1) lib/action_dispatch/journey/router.rb:59:in `call'
  actionpack (4.1.1) lib/action_dispatch/routing/route_set.rb:676:in `call'
  warden (1.2.3) lib/warden/manager.rb:35:in `block in call'
  warden (1.2.3) lib/warden/manager.rb:34:in `catch'
  warden (1.2.3) lib/warden/manager.rb:34:in `call'
  rack (1.5.2) lib/rack/etag.rb:23:in `call'
  rack (1.5.2) lib/rack/conditionalget.rb:25:in `call'
  rack (1.5.2) lib/rack/head.rb:11:in `call'
  actionpack (4.1.1) lib/action_dispatch/middleware/params_parser.rb:27:in `call'
  actionpack (4.1.1) lib/action_dispatch/middleware/flash.rb:254:in `call'
  rack (1.5.2) lib/rack/session/abstract/id.rb:225:in `context'
  rack (1.5.2) lib/rack/session/abstract/id.rb:220:in `call'
  actionpack (4.1.1) lib/action_dispatch/middleware/cookies.rb:560:in `call'
  activerecord (4.1.1) lib/active_record/query_cache.rb:36:in `call'
  activerecord (4.1.1) lib/active_record/connection_adapters/abstract/connection_pool.rb:621:in `call'
  actionpack (4.1.1) lib/action_dispatch/middleware/callbacks.rb:29:in `block in call'
  activesupport (4.1.1) lib/active_support/callbacks.rb:82:in `run_callbacks'
  actionpack (4.1.1) lib/action_dispatch/middleware/callbacks.rb:27:in `call'
  actionpack (4.1.1) lib/action_dispatch/middleware/remote_ip.rb:76:in `call'
  actionpack (4.1.1) lib/action_dispatch/middleware/debug_exceptions.rb:17:in `call'
  actionpack (4.1.1) lib/action_dispatch/middleware/show_exceptions.rb:30:in `call'
  railties (4.1.1) lib/rails/rack/logger.rb:38:in `call_app'
  railties (4.1.1) lib/rails/rack/logger.rb:20:in `block in call'
  activesupport (4.1.1) lib/active_support/tagged_logging.rb:68:in `block in tagged'
  activesupport (4.1.1) lib/active_support/tagged_logging.rb:26:in `tagged'
  activesupport (4.1.1) lib/active_support/tagged_logging.rb:68:in `tagged'
  railties (4.1.1) lib/rails/rack/logger.rb:20:in `call'
  actionpack (4.1.1) lib/action_dispatch/middleware/request_id.rb:21:in `call'
  rack (1.5.2) lib/rack/methodoverride.rb:21:in `call'
  rack (1.5.2) lib/rack/runtime.rb:17:in `call'
  activesupport (4.1.1) lib/active_support/cache/strategy/local_cache_middleware.rb:26:in `call'
  rack (1.5.2) lib/rack/sendfile.rb:112:in `call'
  railties (4.1.1) lib/rails/engine.rb:514:in `call'
  railties (4.1.1) lib/rails/application.rb:144:in `call'
  puma (2.9.0) lib/puma/rack_patch.rb:13:in `call'
  puma (2.9.0) lib/puma/configuration.rb:71:in `call'
  puma (2.9.0) lib/puma/server.rb:490:in `handle_request'
  puma (2.9.0) lib/puma/server.rb:361:in `process_client'
  puma (2.9.0) lib/puma/server.rb:254:in `block in run'
  puma (2.9.0) lib/puma/thread_pool.rb:92:in `call'
  puma (2.9.0) lib/puma/thread_pool.rb:92:in `block in spawn_thread'


I, [2014-09-03T12:30:20.209239 #30196]  INFO -- : Migrating to DeviseCreateUsers (20140613100501)
I, [2014-09-03T12:30:20.220287 #30196]  INFO -- : Migrating to DeviseCreateAdmins (20140613100715)
I, [2014-09-03T12:30:20.224921 #30196]  INFO -- : Migrating to AddUsernameToUsers (20140613114116)
I, [2014-09-03T12:30:20.228356 #30196]  INFO -- : Migrating to AddUsernameToAdmin (20140613114204)
I, [2014-09-03T12:30:20.231752 #30196]  INFO -- : Migrating to CreateContacts (20140614091950)
I, [2014-09-03T12:30:20.234565 #30196]  INFO -- : Migrating to AddUserIdToContact (20140614202152)
I, [2014-09-03T12:30:20.236905 #30196]  INFO -- : Migrating to CreateLevels (20140621110842)
I, [2014-09-03T12:30:20.239529 #30196]  INFO -- : Migrating to CreateEscalationRules (20140621110859)
I, [2014-09-03T12:30:20.241957 #30196]  INFO -- : Migrating to CreateCallLogs (20140704085802)
I, [2014-09-03T12:30:20.244254 #30196]  INFO -- : Migrating to CreateComplaints (20140712063412)
